E:\SCHOOL\ART 4661\HG-SKETCHING_ABSTRACTIONS\TRACKINGKINECCT\DEBUG\TRACKINGKINECCT.EXE
E:\SCHOOL\ART 4661\HG-SKETCHING_ABSTRACTIONS\TRACKINGKINECCT\DEBUG\TRACKINGKINECCT.ILK
E:\SCHOOL\ART 4661\HG-SKETCHING_ABSTRACTIONS\TRACKINGKINECCT\DEBUG\TRACKINGKINECCT.PDB
E:\school\ART 4661\hg-sketching_abstractions\trackingKinecct\trackingKinecct\Debug\cl.command.1.tlog
E:\school\ART 4661\hg-sketching_abstractions\trackingKinecct\trackingKinecct\Debug\CL.read.1.tlog
E:\school\ART 4661\hg-sketching_abstractions\trackingKinecct\trackingKinecct\Debug\CL.write.1.tlog
E:\school\ART 4661\hg-sketching_abstractions\trackingKinecct\trackingKinecct\Debug\link.8012.read.1.tlog
E:\school\ART 4661\hg-sketching_abstractions\trackingKinecct\trackingKinecct\Debug\link.8012.write.1.tlog
E:\school\ART 4661\hg-sketching_abstractions\trackingKinecct\trackingKinecct\Debug\link.8012-cvtres.read.1.tlog
E:\school\ART 4661\hg-sketching_abstractions\trackingKinecct\trackingKinecct\Debug\link.8012-cvtres.write.1.tlog
E:\school\ART 4661\hg-sketching_abstractions\trackingKinecct\trackingKinecct\Debug\link.command.1.tlog
E:\school\ART 4661\hg-sketching_abstractions\trackingKinecct\trackingKinecct\Debug\link.read.1.tlog
E:\school\ART 4661\hg-sketching_abstractions\trackingKinecct\trackingKinecct\Debug\link.write.1.tlog
E:\school\ART 4661\hg-sketching_abstractions\trackingKinecct\trackingKinecct\Debug\link-cvtres.read.1.tlog
E:\school\ART 4661\hg-sketching_abstractions\trackingKinecct\trackingKinecct\Debug\link-cvtres.write.1.tlog
E:\school\ART 4661\hg-sketching_abstractions\trackingKinecct\trackingKinecct\Debug\mt.command.1.tlog
E:\school\ART 4661\hg-sketching_abstractions\trackingKinecct\trackingKinecct\Debug\mt.read.1.tlog
E:\school\ART 4661\hg-sketching_abstractions\trackingKinecct\trackingKinecct\Debug\mt.write.1.tlog
E:\school\ART 4661\hg-sketching_abstractions\trackingKinecct\trackingKinecct\Debug\rc.command.1.tlog
E:\school\ART 4661\hg-sketching_abstractions\trackingKinecct\trackingKinecct\Debug\rc.read.1.tlog
E:\school\ART 4661\hg-sketching_abstractions\trackingKinecct\trackingKinecct\Debug\rc.write.1.tlog
E:\SCHOOL\ART 4661\HG-SKETCHING_ABSTRACTIONS\TRACKINGKINECCT\TRACKINGKINECCT\DEBUG\STDAFX.OBJ
E:\SCHOOL\ART 4661\HG-SKETCHING_ABSTRACTIONS\TRACKINGKINECCT\TRACKINGKINECCT\DEBUG\TRACKINGKINECCT.EXE.EMBED.MANIFEST
E:\SCHOOL\ART 4661\HG-SKETCHING_ABSTRACTIONS\TRACKINGKINECCT\TRACKINGKINECCT\DEBUG\TRACKINGKINECCT.EXE.EMBED.MANIFEST.RES
E:\SCHOOL\ART 4661\HG-SKETCHING_ABSTRACTIONS\TRACKINGKINECCT\TRACKINGKINECCT\DEBUG\TRACKINGKINECCT.EXE.INTERMEDIATE.MANIFEST
E:\SCHOOL\ART 4661\HG-SKETCHING_ABSTRACTIONS\TRACKINGKINECCT\TRACKINGKINECCT\DEBUG\TRACKINGKINECCT.OBJ
E:\SCHOOL\ART 4661\HG-SKETCHING_ABSTRACTIONS\TRACKINGKINECCT\TRACKINGKINECCT\DEBUG\TRACKINGKINECCT.PCH
E:\school\ART 4661\hg-sketching_abstractions\trackingKinecct\trackingKinecct\Debug\trackingKinecct_manifest.rc
E:\school\ART 4661\hg-sketching_abstractions\trackingKinecct\trackingKinecct\Debug\vc100.idb
E:\SCHOOL\ART 4661\HG-SKETCHING_ABSTRACTIONS\TRACKINGKINECCT\TRACKINGKINECCT\DEBUG\VC100.PDB
