Build started 7/12/2011 3:25:22 PM.
     1>Project "C:\long_weekend\codes\trackingKinecct\trackingKinecct\trackingKinecct.vcxproj" on node 2 (build target(s)).
     1>InitializeBuildStatus:
         Creating "Debug\trackingKinecct.unsuccessfulbuild" because "AlwaysCreate" was specified.
       ClCompile:
         All outputs are up-to-date.
         c:\Program Files\Microsoft Visual Studio 10.0\VC\bin\CL.exe /c /ZI /nologo /W3 /WX- /Od /Oy- /D WIN32 /D _DEBUG /D _CONSOLE /D _UNICODE /D UNICODE /Gm /EHsc /RTC1 /MDd /GS /fp:precise /Zc:wchar_t /Zc:forScope /Yu"StdAfx.h" /Fp"Debug\trackingKinecct.pch" /Fo"Debug\\" /Fd"Debug\vc100.pdb" /Gd /TP /analyze- /errorReport:prompt trackingKinecct.cpp
         trackingKinecct.cpp
     1>c:\opencv2.2\include\opencv2\flann\logger.h(66): warning C4996: 'fopen': This function or variable may be unsafe. Consider using fopen_s instead. To disable deprecation, use _CRT_SECURE_NO_WARNINGS. See online help for details.
                 c:\program files\microsoft visual studio 10.0\vc\include\stdio.h(234) : see declaration of 'fopen'
     1>c:\long_weekend\codes\trackingkinecct\trackingkinecct\trackingkinecct.cpp(81): warning C4244: '=' : conversion from 'double' to 'int', possible loss of data
     1>c:\long_weekend\codes\trackingkinecct\trackingkinecct\trackingkinecct.cpp(82): warning C4244: '=' : conversion from 'double' to 'int', possible loss of data
     1>c:\long_weekend\codes\trackingkinecct\trackingkinecct\trackingkinecct.cpp(96): warning C4244: 'argument' : conversion from 'double' to 'int', possible loss of data
     1>c:\long_weekend\codes\trackingkinecct\trackingkinecct\trackingkinecct.cpp(96): warning C4244: 'argument' : conversion from 'double' to 'int', possible loss of data
     1>c:\long_weekend\codes\trackingkinecct\trackingkinecct\trackingkinecct.cpp(151): warning C4996: 'sprintf': This function or variable may be unsafe. Consider using sprintf_s instead. To disable deprecation, use _CRT_SECURE_NO_WARNINGS. See online help for details.
                 c:\program files\microsoft visual studio 10.0\vc\include\stdio.h(371) : see declaration of 'sprintf'
     1>c:\long_weekend\codes\trackingkinecct\trackingkinecct\trackingkinecct.cpp(207): warning C4305: '+=' : truncation from 'double' to 'float'
     1>c:\long_weekend\codes\trackingkinecct\trackingkinecct\trackingkinecct.cpp(211): warning C4305: '-=' : truncation from 'double' to 'float'
     1>c:\long_weekend\codes\trackingkinecct\trackingkinecct\trackingkinecct.cpp(215): warning C4305: '+=' : truncation from 'double' to 'float'
     1>c:\long_weekend\codes\trackingkinecct\trackingkinecct\trackingkinecct.cpp(219): warning C4305: '-=' : truncation from 'double' to 'float'
     1>c:\long_weekend\codes\trackingkinecct\trackingkinecct\trackingkinecct.cpp(223): warning C4305: '+=' : truncation from 'double' to 'float'
     1>c:\long_weekend\codes\trackingkinecct\trackingkinecct\trackingkinecct.cpp(227): warning C4305: '-=' : truncation from 'double' to 'float'
       ManifestResourceCompile:
         All outputs are up-to-date.
       Link:
         c:\Program Files\Microsoft Visual Studio 10.0\VC\bin\link.exe /ERRORREPORT:PROMPT /OUT:"C:\long_weekend\codes\trackingKinecct\Debug\trackingKinecct.exe" /INCREMENTAL /NOLOGO kernel32.lib user32.lib gdi32.lib winspool.lib comdlg32.lib advapi32.lib shell32.lib ole32.lib oleaut32.lib uuid.lib odbc32.lib odbccp32.lib kernel32.lib user32.lib gdi32.lib winspool.lib comdlg32.lib advapi32.lib shell32.lib ole32.lib oleaut32.lib uuid.lib odbc32.lib odbccp32.lib C:\OpenCV2.2\lib\opencv_core220d.lib C:\OpenCV2.2\lib\opencv_highgui220d.lib C:\OpenCV2.2\lib\opencv_video220d.lib C:\OpenCV2.2\lib\opencv_ml220d.lib C:\OpenCV2.2\lib\opencv_legacy220d.lib C:\OpenCV2.2\lib\opencv_imgproc220d.lib "C:\Program Files\Code Laboratories\CL NUI Platform\SDK\Lib\CLNUIDevice.lib" /MANIFEST /ManifestFile:"Debug\trackingKinecct.exe.intermediate.manifest" /MANIFESTUAC:"level='asInvoker' uiAccess='false'" /DEBUG /PDB:"C:\long_weekend\codes\trackingKinecct\Debug\trackingKinecct.pdb" /SUBSYSTEM:CONSOLE /TLBID:1 /DYNAMICBASE /NXCOMPAT /IMPLIB:"C:\long_weekend\codes\trackingKinecct\Debug\trackingKinecct.lib" /MACHINE:X86 Debug\trackingKinecct.exe.embed.manifest.res
         Debug\stdafx.obj
         Debug\trackingKinecct.obj
       Manifest:
         c:\Program Files\Microsoft SDKs\Windows\v7.0A\bin\mt.exe /nologo /verbose /out:"Debug\trackingKinecct.exe.embed.manifest" /manifest Debug\trackingKinecct.exe.intermediate.manifest
         All outputs are up-to-date.
       LinkEmbedManifest:
         All outputs are up-to-date.
         trackingKinecct.vcxproj -> C:\long_weekend\codes\trackingKinecct\Debug\trackingKinecct.exe
       FinalizeBuildStatus:
         Deleting file "Debug\trackingKinecct.unsuccessfulbuild".
         Touching "Debug\trackingKinecct.lastbuildstate".
     1>Done Building Project "C:\long_weekend\codes\trackingKinecct\trackingKinecct\trackingKinecct.vcxproj" (build target(s)).

Build succeeded.

Time Elapsed 00:00:06.12
